TN:
SF:controllers/authController.ts
FN:8,(anonymous_0)
FN:13,(anonymous_1)
FN:30,(anonymous_2)
FN:35,(anonymous_3)
FN:71,(anonymous_4)
FN:79,(anonymous_5)
FN:104,(anonymous_6)
FNF:7
FNH:7
FNDA:1,(anonymous_0)
FNDA:3,(anonymous_1)
FNDA:1,(anonymous_2)
FNDA:5,(anonymous_3)
FNDA:1,(anonymous_4)
FNDA:3,(anonymous_5)
FNDA:3,(anonymous_6)
DA:8,1
DA:9,1
DA:13,1
DA:14,3
DA:16,3
DA:17,1
DA:20,2
DA:21,2
DA:22,1
DA:24,1
DA:25,1
DA:30,1
DA:31,1
DA:35,1
DA:36,5
DA:37,5
DA:38,5
DA:41,4
DA:43,2
DA:46,2
DA:47,1
DA:50,1
DA:56,1
DA:62,1
DA:64,2
DA:66,2
DA:71,1
DA:72,1
DA:73,1
DA:79,1
DA:80,3
DA:81,3
DA:82,3
DA:84,2
DA:85,1
DA:86,1
DA:88,1
DA:89,1
DA:90,1
DA:93,1
DA:95,2
DA:98,1
DA:99,1
DA:104,1
DA:105,3
DA:107,3
DA:108,3
DA:110,2
DA:111,1
DA:115,1
DA:116,1
DA:117,1
DA:118,1
DA:120,1
DA:123,1
DA:124,1
LF:56
LH:56
BRDA:16,0,0,1
BRDA:16,0,1,2
BRDA:41,1,0,2
BRDA:41,1,1,2
BRDA:41,2,0,4
BRDA:41,2,1,3
BRDA:46,3,0,1
BRDA:46,3,1,1
BRDA:84,4,0,1
BRDA:84,4,1,1
BRDA:110,5,0,1
BRDA:110,5,1,1
BRDA:110,6,0,2
BRDA:110,6,1,2
BRDA:110,6,2,1
BRDA:110,6,3,1
BRF:16
BRH:16
end_of_record
TN:
SF:controllers/pageController.ts
FN:9,(anonymous_0)
FN:17,(anonymous_1)
FN:25,(anonymous_2)
FN:33,(anonymous_3)
FN:41,(anonymous_4)
FN:54,(anonymous_5)
FN:81,(anonymous_6)
FNF:7
FNH:7
FNDA:1,(anonymous_0)
FNDA:1,(anonymous_1)
FNDA:1,(anonymous_2)
FNDA:1,(anonymous_3)
FNDA:2,(anonymous_4)
FNDA:2,(anonymous_5)
FNDA:2,(anonymous_6)
DA:9,1
DA:10,1
DA:17,1
DA:18,1
DA:25,1
DA:26,1
DA:33,1
DA:34,1
DA:41,1
DA:42,2
DA:46,2
DA:54,1
DA:55,2
DA:56,2
DA:58,2
DA:67,1
DA:70,1
DA:71,1
DA:81,1
DA:82,2
DA:84,2
DA:89,1
DA:96,1
DA:97,1
LF:24
LH:24
BRDA:42,0,0,1
BRDA:42,0,1,1
BRF:2
BRH:2
end_of_record
