TN:
SF:controllers/authController.ts
FN:8,(anonymous_0)
FN:13,(anonymous_1)
FN:30,(anonymous_2)
FN:35,(anonymous_3)
FN:69,(anonymous_4)
FN:77,(anonymous_5)
FN:101,(anonymous_6)
FNF:7
FNH:7
FNDA:1,(anonymous_0)
FNDA:3,(anonymous_1)
FNDA:1,(anonymous_2)
FNDA:5,(anonymous_3)
FNDA:1,(anonymous_4)
FNDA:3,(anonymous_5)
FNDA:3,(anonymous_6)
DA:8,1
DA:9,1
DA:13,1
DA:14,3
DA:16,3
DA:17,1
DA:20,2
DA:21,2
DA:22,1
DA:24,1
DA:25,1
DA:30,1
DA:31,1
DA:35,1
DA:36,5
DA:37,5
DA:38,5
DA:41,4
DA:42,2
DA:45,2
DA:46,1
DA:49,1
DA:55,1
DA:61,1
DA:63,2
DA:64,2
DA:69,1
DA:70,1
DA:71,1
DA:77,1
DA:78,3
DA:79,3
DA:80,3
DA:82,2
DA:83,1
DA:84,1
DA:86,1
DA:87,1
DA:88,1
DA:90,1
DA:92,2
DA:95,1
DA:96,1
DA:101,1
DA:102,3
DA:104,3
DA:105,3
DA:107,2
DA:108,1
DA:111,1
DA:112,1
DA:113,1
DA:114,1
DA:116,1
DA:119,1
DA:120,1
LF:56
LH:56
BRDA:16,0,0,1
BRDA:16,0,1,2
BRDA:41,1,0,2
BRDA:41,1,1,2
BRDA:41,2,0,4
BRDA:41,2,1,3
BRDA:45,3,0,1
BRDA:45,3,1,1
BRDA:82,4,0,1
BRDA:82,4,1,1
BRDA:107,5,0,1
BRDA:107,5,1,1
BRDA:107,6,0,2
BRDA:107,6,1,2
BRDA:107,6,2,1
BRDA:107,6,3,1
BRF:16
BRH:16
end_of_record
TN:
SF:controllers/pageController.ts
FN:8,(anonymous_0)
FN:16,(anonymous_1)
FN:24,(anonymous_2)
FN:32,(anonymous_3)
FN:40,(anonymous_4)
FN:53,(anonymous_5)
FN:80,(anonymous_6)
FNF:7
FNH:7
FNDA:1,(anonymous_0)
FNDA:1,(anonymous_1)
FNDA:1,(anonymous_2)
FNDA:1,(anonymous_3)
FNDA:2,(anonymous_4)
FNDA:2,(anonymous_5)
FNDA:2,(anonymous_6)
DA:8,1
DA:9,1
DA:16,1
DA:17,1
DA:24,1
DA:25,1
DA:32,1
DA:33,1
DA:40,1
DA:41,2
DA:45,2
DA:53,1
DA:54,2
DA:55,2
DA:57,2
DA:66,1
DA:69,1
DA:70,1
DA:80,1
DA:81,2
DA:82,2
DA:86,1
DA:93,1
DA:94,1
LF:24
LH:24
BRDA:41,0,0,1
BRDA:41,0,1,1
BRF:2
BRH:2
end_of_record
